<?xml version="1.0" encoding="UTF-8"?>
<testng-results ignored="0" total="1" passed="1" failed="0" skipped="0">
  <reporter-output>
  </reporter-output>
  <suite started-at="2025-12-30T12:52:26 IST" name="Suite" finished-at="2025-12-30T12:52:28 IST" duration-ms="2299">
    <groups>
    </groups>
    <test started-at="2025-12-30T12:52:26 IST" name="Test" finished-at="2025-12-30T12:52:28 IST" duration-ms="2299">
      <class name="baseLirary.BaseLibraryPages">
        <test-method signature="launchUrl()[pri:0, instance:baseLirary.BaseLibraryPages@6973b51b]" started-at="2025-12-30T12:52:26 IST" name="launchUrl" finished-at="2025-12-30T12:52:28 IST" duration-ms="2252" status="PASS">
          <reporter-output>
          </reporter-output>
        </test-method> <!-- launchUrl -->
      </class> <!-- baseLirary.BaseLibraryPages -->
    </test> <!-- Test -->
  </suite> <!-- Suite -->
</testng-results>
