<?xml version="1.0" encoding="UTF-8"?>
<testng-results ignored="0" total="3" passed="3" failed="0" skipped="0">
  <reporter-output>
  </reporter-output>
  <suite started-at="2025-12-31T13:14:47 IST" name="Suite" finished-at="2025-12-31T13:14:56 IST" duration-ms="8879">
    <groups>
    </groups>
    <test started-at="2025-12-31T13:14:47 IST" name="Test" finished-at="2025-12-31T13:14:56 IST" duration-ms="8879">
      <class name="tests.DatepikarTest">
        <test-method is-config="true" signature="launchURL()[pri:0, instance:tests.DatepikarTest@77c2494c]" started-at="2025-12-31T13:14:47 IST" name="launchURL" finished-at="2025-12-31T13:14:52 IST" duration-ms="5546" status="PASS">
          <reporter-output>
          </reporter-output>
        </test-method> <!-- launchURL -->
        <test-method signature="clickonclose()[pri:1, instance:tests.DatepikarTest@77c2494c]" started-at="2025-12-31T13:14:52 IST" name="clickonclose" finished-at="2025-12-31T13:14:53 IST" duration-ms="297" status="PASS">
          <reporter-output>
          </reporter-output>
        </test-method> <!-- clickonclose -->
        <test-method signature="clickOnpractic()[pri:2, instance:tests.DatepikarTest@77c2494c]" started-at="2025-12-31T13:14:53 IST" name="clickOnpractic" finished-at="2025-12-31T13:14:55 IST" duration-ms="2818" status="PASS">
          <reporter-output>
          </reporter-output>
        </test-method> <!-- clickOnpractic -->
        <test-method signature="selectToday()[pri:3, instance:tests.DatepikarTest@77c2494c]" started-at="2025-12-31T13:14:55 IST" name="selectToday" finished-at="2025-12-31T13:14:56 IST" duration-ms="112" status="PASS">
          <reporter-output>
          </reporter-output>
        </test-method> <!-- selectToday -->
      </class> <!-- tests.DatepikarTest -->
    </test> <!-- Test -->
  </suite> <!-- Suite -->
</testng-results>
