<?xml version="1.0" encoding="UTF-8"?>
<!-- Generated by org.testng.reporters.JUnitReportReporter -->
<testsuite hostname="DESKTOP-5A83UL6" failures="0" tests="3" name="tests.DatepikarTest" time="3.227" errors="0" timestamp="2025-12-31T13:14:56 IST" skipped="0">
  <testcase classname="tests.DatepikarTest" name="clickonclose" time="0.297"/>
  <testcase classname="tests.DatepikarTest" name="clickOnpractic" time="2.818"/>
  <testcase classname="tests.DatepikarTest" name="selectToday" time="0.112"/>
</testsuite> <!-- tests.DatepikarTest -->
